# JRE version: OpenJDK Runtime Environment (Zulu 8.58.0.13-CA-win64) (8.0_312-b07) (build 1.8.0_312-b07)
# Java VM: OpenJDK 64-Bit Server VM (25.312-b07 mixed mode windows-amd64 compressed oops)
Heap:
 PSYoungGen      total 375808K, used 118876K [0x00000000e0000000, 0x0000000100000000, 0x0000000100000000)
  eden space 274432K, 6% used [0x00000000e0000000,0x00000000e1126dd8,0x00000000f0c00000)
  from space 101376K, 99% used [0x00000000f0c00000,0x00000000f6ef0248,0x00000000f6f00000)
  to   space 135168K, 0% used [0x00000000f7c00000,0x00000000f7c00000,0x0000000100000000)
 ParOldGen       total 479232K, used 102211K [0x00000000a0000000, 0x00000000bd400000, 0x00000000e0000000)
  object space 479232K, 21% used [0x00000000a0000000,0x00000000a63d0c50,0x00000000bd400000)
 Metaspace       used 124109K, capacity 130255K, committed 130508K, reserved 1163264K
  class space    used 15858K, capacity 17052K, committed 17152K, reserved 1048576K
GC Heap History (10 events):
Event: 343.510 GC heap before
{Heap before GC invocations=20 (full 4):
 PSYoungGen      total 391680K, used 391290K [0x00000000e0000000, 0x0000000100000000, 0x0000000100000000)
  eden space 333824K, 99% used [0x00000000e0000000,0x00000000f45ffe48,0x00000000f4600000)
  from space 57856K, 99% used [0x00000000f4600000,0x00000000f7e1ecb8,0x00000000f7e80000)
  to   space 97280K, 0% used [0x00000000fa100000,0x00000000fa100000,0x0000000100000000)
 ParOldGen       total 337408K, used 233100K [0x00000000a0000000, 0x00000000b4980000, 0x00000000e0000000)
  object space 337408K, 69% used [0x00000000a0000000,0x00000000ae3a31b8,0x00000000b4980000)
 Metaspace       used 119588K, capacity 125661K, committed 125772K, reserved 1159168K
  class space    used 15522K, capacity 16685K, committed 16768K, reserved 1048576K
Event: 343.603 GC heap after
Heap after GC invocations=20 (full 4):
 PSYoungGen      total 368640K, used 97267K [0x00000000e0000000, 0x0000000100000000, 0x0000000100000000)
  eden space 271360K, 0% used [0x00000000e0000000,0x00000000e0000000,0x00000000f0900000)
  from space 97280K, 99% used [0x00000000fa100000,0x00000000ffffcc08,0x0000000100000000)
  to   space 126464K, 0% used [0x00000000f0900000,0x00000000f0900000,0x00000000f8480000)
 ParOldGen       total 337408K, used 268628K [0x00000000a0000000, 0x00000000b4980000, 0x00000000e0000000)
  object space 337408K, 79% used [0x00000000a0000000,0x00000000b0655118,0x00000000b4980000)
 Metaspace       used 119588K, capacity 125661K, committed 125772K, reserved 1159168K
  class space    used 15522K, capacity 16685K, committed 16768K, reserved 1048576K
}
Event: 784.732 GC heap before
{Heap before GC invocations=21 (full 4):
 PSYoungGen      total 368640K, used 368627K [0x00000000e0000000, 0x0000000100000000, 0x0000000100000000)
  eden space 271360K, 100% used [0x00000000e0000000,0x00000000f0900000,0x00000000f0900000)
  from space 97280K, 99% used [0x00000000fa100000,0x00000000ffffcc08,0x0000000100000000)
  to   space 126464K, 0% used [0x00000000f0900000,0x00000000f0900000,0x00000000f8480000)
 ParOldGen       total 337408K, used 268628K [0x00000000a0000000, 0x00000000b4980000, 0x00000000e0000000)
  object space 337408K, 79% used [0x00000000a0000000,0x00000000b0655118,0x00000000b4980000)
 Metaspace       used 120308K, capacity 126509K, committed 126668K, reserved 1159168K
  class space    used 15574K, capacity 16773K, committed 16896K, reserved 1048576K
Event: 784.805 GC heap after
Heap after GC invocations=21 (full 4):
 PSYoungGen      total 397824K, used 20364K [0x00000000e0000000, 0x0000000100000000, 0x0000000100000000)
  eden space 271360K, 0% used [0x00000000e0000000,0x00000000e0000000,0x00000000f0900000)
  from space 126464K, 16% used [0x00000000f0900000,0x00000000f1ce31c8,0x00000000f8480000)
  to   space 123392K, 0% used [0x00000000f8780000,0x00000000f8780000,0x0000000100000000)
 ParOldGen       total 337408K, used 325408K [0x00000000a0000000, 0x00000000b4980000, 0x00000000e0000000)
  object space 337408K, 96% used [0x00000000a0000000,0x00000000b3dc8268,0x00000000b4980000)
 Metaspace       used 120308K, capacity 126509K, committed 126668K, reserved 1159168K
  class space    used 15574K, capacity 16773K, committed 16896K, reserved 1048576K
}
Event: 784.805 GC heap before
{Heap before GC invocations=22 (full 5):
 PSYoungGen      total 397824K, used 20364K [0x00000000e0000000, 0x0000000100000000, 0x0000000100000000)
  eden space 271360K, 0% used [0x00000000e0000000,0x00000000e0000000,0x00000000f0900000)
  from space 126464K, 16% used [0x00000000f0900000,0x00000000f1ce31c8,0x00000000f8480000)
  to   space 123392K, 0% used [0x00000000f8780000,0x00000000f8780000,0x0000000100000000)
 ParOldGen       total 337408K, used 325408K [0x00000000a0000000, 0x00000000b4980000, 0x00000000e0000000)
  object space 337408K, 96% used [0x00000000a0000000,0x00000000b3dc8268,0x00000000b4980000)
 Metaspace       used 120308K, capacity 126509K, committed 126668K, reserved 1159168K
  class space    used 15574K, capacity 16773K, committed 16896K, reserved 1048576K
Event: 785.018 GC heap after
Heap after GC invocations=22 (full 5):
 PSYoungGen      total 397824K, used 0K [0x00000000e0000000, 0x0000000100000000, 0x0000000100000000)
  eden space 271360K, 0% used [0x00000000e0000000,0x00000000e0000000,0x00000000f0900000)
  from space 126464K, 0% used [0x00000000f0900000,0x00000000f0900000,0x00000000f8480000)
  to   space 123392K, 0% used [0x00000000f8780000,0x00000000f8780000,0x0000000100000000)
 ParOldGen       total 479232K, used 102195K [0x00000000a0000000, 0x00000000bd400000, 0x00000000e0000000)
  object space 479232K, 21% used [0x00000000a0000000,0x00000000a63ccc50,0x00000000bd400000)
 Metaspace       used 120200K, capacity 126233K, committed 126668K, reserved 1159168K
  class space    used 15537K, capacity 16709K, committed 16896K, reserved 1048576K
}
Event: 786.152 GC heap before
{Heap before GC invocations=23 (full 5):
 PSYoungGen      total 397824K, used 271360K [0x00000000e0000000, 0x0000000100000000, 0x0000000100000000)
  eden space 271360K, 100% used [0x00000000e0000000,0x00000000f0900000,0x00000000f0900000)
  from space 126464K, 0% used [0x00000000f0900000,0x00000000f0900000,0x00000000f8480000)
  to   space 123392K, 0% used [0x00000000f8780000,0x00000000f8780000,0x0000000100000000)
 ParOldGen       total 479232K, used 102195K [0x00000000a0000000, 0x00000000bd400000, 0x00000000e0000000)
  object space 479232K, 21% used [0x00000000a0000000,0x00000000a63ccc50,0x00000000bd400000)
 Metaspace       used 123825K, capacity 129991K, committed 130508K, reserved 1163264K
  class space    used 15841K, capacity 17018K, committed 17152K, reserved 1048576K
Event: 786.165 GC heap after
Heap after GC invocations=23 (full 5):
 PSYoungGen      total 389632K, used 12542K [0x00000000e0000000, 0x00000000ff800000, 0x0000000100000000)
  eden space 274432K, 0% used [0x00000000e0000000,0x00000000e0000000,0x00000000f0c00000)
  from space 115200K, 10% used [0x00000000f8780000,0x00000000f93bf800,0x00000000ff800000)
  to   space 120832K, 0% used [0x00000000f0c00000,0x00000000f0c00000,0x00000000f8200000)
 ParOldGen       total 479232K, used 102203K [0x00000000a0000000, 0x00000000bd400000, 0x00000000e0000000)
  object space 479232K, 21% used [0x00000000a0000000,0x00000000a63cec50,0x00000000bd400000)
 Metaspace       used 123825K, capacity 129991K, committed 130508K, reserved 1163264K
  class space    used 15841K, capacity 17018K, committed 17152K, reserved 1048576K
}
Event: 787.174 GC heap before
{Heap before GC invocations=24 (full 5):
 PSYoungGen      total 389632K, used 286942K [0x00000000e0000000, 0x00000000ff800000, 0x0000000100000000)
  eden space 274432K, 99% used [0x00000000e0000000,0x00000000f0bf82a0,0x00000000f0c00000)
  from space 115200K, 10% used [0x00000000f8780000,0x00000000f93bf800,0x00000000ff800000)
  to   space 120832K, 0% used [0x00000000f0c00000,0x00000000f0c00000,0x00000000f8200000)
 ParOldGen       total 479232K, used 102203K [0x00000000a0000000, 0x00000000bd400000, 0x00000000e0000000)
  object space 479232K, 21% used [0x00000000a0000000,0x00000000a63cec50,0x00000000bd400000)
 Metaspace       used 124108K, capacity 130255K, committed 130508K, reserved 1163264K
  class space    used 15858K, capacity 17052K, committed 17152K, reserved 1048576K
Event: 787.231 GC heap after
Heap after GC invocations=24 (full 5):
 PSYoungGen      total 375808K, used 101312K [0x00000000e0000000, 0x0000000100000000, 0x0000000100000000)
  eden space 274432K, 0% used [0x00000000e0000000,0x00000000e0000000,0x00000000f0c00000)
  from space 101376K, 99% used [0x00000000f0c00000,0x00000000f6ef0248,0x00000000f6f00000)
  to   space 135168K, 0% used [0x00000000f7c00000,0x00000000f7c00000,0x0000000100000000)
 ParOldGen       total 479232K, used 102211K [0x00000000a0000000, 0x00000000bd400000, 0x00000000e0000000)
  object space 479232K, 21% used [0x00000000a0000000,0x00000000a63d0c50,0x00000000bd400000)
 Metaspace       used 124108K, capacity 130255K, committed 130508K, reserved 1163264K
  class space    used 15858K, capacity 17052K, committed 17152K, reserved 1048576K
}

