# JRE version: OpenJDK Runtime Environment (Zulu 8.58.0.13-CA-win64) (8.0_312-b07) (build 1.8.0_312-b07)
# Java VM: OpenJDK 64-Bit Server VM (25.312-b07 mixed mode windows-amd64 compressed oops)
Heap:
 PSYoungGen      total 396800K, used 315554K [0x00000000e0000000, 0x00000000fff80000, 0x0000000100000000)
  eden space 274432K, 100% used [0x00000000e0000000,0x00000000f0c00000,0x00000000f0c00000)
  from space 122368K, 33% used [0x00000000f0c00000,0x00000000f3428bb8,0x00000000f8380000)
  to   space 119296K, 29% used [0x00000000f8b00000,0x00000000fad75578,0x00000000fff80000)
 ParOldGen       total 513536K, used 388971K [0x00000000a0000000, 0x00000000bf580000, 0x00000000e0000000)
  object space 513536K, 75% used [0x00000000a0000000,0x00000000b7bdad40,0x00000000bf580000)
 Metaspace       used 141647K, capacity 148406K, committed 148568K, reserved 1179648K
  class space    used 17208K, capacity 18487K, committed 18560K, reserved 1048576K
GC Heap History (10 events):
Event: 3563.788 GC heap after
Heap after GC invocations=46 (full 5):
 PSYoungGen      total 381952K, used 20962K [0x00000000e0000000, 0x00000000ff980000, 0x0000000100000000)
  eden space 253952K, 0% used [0x00000000e0000000,0x00000000e0000000,0x00000000ef800000)
  from space 128000K, 16% used [0x00000000ef800000,0x00000000f0c78a50,0x00000000f7500000)
  to   space 128000K, 0% used [0x00000000f7c80000,0x00000000f7c80000,0x00000000ff980000)
 ParOldGen       total 513536K, used 326275K [0x00000000a0000000, 0x00000000bf580000, 0x00000000e0000000)
  object space 513536K, 63% used [0x00000000a0000000,0x00000000b3ea0ec8,0x00000000bf580000)
 Metaspace       used 134069K, capacity 140566K, committed 140760K, reserved 1171456K
  class space    used 16573K, capacity 17809K, committed 17920K, reserved 1048576K
}
Event: 3565.858 GC heap before
{Heap before GC invocations=47 (full 5):
 PSYoungGen      total 381952K, used 274914K [0x00000000e0000000, 0x00000000ff980000, 0x0000000100000000)
  eden space 253952K, 100% used [0x00000000e0000000,0x00000000ef800000,0x00000000ef800000)
  from space 128000K, 16% used [0x00000000ef800000,0x00000000f0c78a50,0x00000000f7500000)
  to   space 128000K, 0% used [0x00000000f7c80000,0x00000000f7c80000,0x00000000ff980000)
 ParOldGen       total 513536K, used 326275K [0x00000000a0000000, 0x00000000bf580000, 0x00000000e0000000)
  object space 513536K, 63% used [0x00000000a0000000,0x00000000b3ea0ec8,0x00000000bf580000)
 Metaspace       used 137580K, capacity 144142K, committed 144344K, reserved 1175552K
  class space    used 16872K, capacity 18119K, committed 18176K, reserved 1048576K
Event: 3565.887 GC heap after
Heap after GC invocations=47 (full 5):
 PSYoungGen      total 390144K, used 58933K [0x00000000e0000000, 0x00000000ff400000, 0x0000000100000000)
  eden space 267776K, 0% used [0x00000000e0000000,0x00000000e0000000,0x00000000f0580000)
  from space 122368K, 48% used [0x00000000f7c80000,0x00000000fb60d508,0x00000000ff400000)
  to   space 121856K, 0% used [0x00000000f0580000,0x00000000f0580000,0x00000000f7c80000)
 ParOldGen       total 513536K, used 336238K [0x00000000a0000000, 0x00000000bf580000, 0x00000000e0000000)
  object space 513536K, 65% used [0x00000000a0000000,0x00000000b485b810,0x00000000bf580000)
 Metaspace       used 137580K, capacity 144142K, committed 144344K, reserved 1175552K
  class space    used 16872K, capacity 18119K, committed 18176K, reserved 1048576K
}
Event: 3566.626 GC heap before
{Heap before GC invocations=48 (full 5):
 PSYoungGen      total 390144K, used 326594K [0x00000000e0000000, 0x00000000ff400000, 0x0000000100000000)
  eden space 267776K, 99% used [0x00000000e0000000,0x00000000f0563538,0x00000000f0580000)
  from space 122368K, 48% used [0x00000000f7c80000,0x00000000fb60d508,0x00000000ff400000)
  to   space 121856K, 0% used [0x00000000f0580000,0x00000000f0580000,0x00000000f7c80000)
 ParOldGen       total 513536K, used 336238K [0x00000000a0000000, 0x00000000bf580000, 0x00000000e0000000)
  object space 513536K, 65% used [0x00000000a0000000,0x00000000b485b810,0x00000000bf580000)
 Metaspace       used 137773K, capacity 144290K, committed 144600K, reserved 1175552K
  class space    used 16875K, capacity 18121K, committed 18176K, reserved 1048576K
Event: 3566.660 GC heap after
Heap after GC invocations=48 (full 5):
 PSYoungGen      total 389632K, used 47345K [0x00000000e0000000, 0x00000000ff580000, 0x0000000100000000)
  eden space 267776K, 0% used [0x00000000e0000000,0x00000000e0000000,0x00000000f0580000)
  from space 121856K, 38% used [0x00000000f0580000,0x00000000f33bc4a0,0x00000000f7c80000)
  to   space 116736K, 0% used [0x00000000f8380000,0x00000000f8380000,0x00000000ff580000)
 ParOldGen       total 513536K, used 341914K [0x00000000a0000000, 0x00000000bf580000, 0x00000000e0000000)
  object space 513536K, 66% used [0x00000000a0000000,0x00000000b4de6910,0x00000000bf580000)
 Metaspace       used 137773K, capacity 144290K, committed 144600K, reserved 1175552K
  class space    used 16875K, capacity 18121K, committed 18176K, reserved 1048576K
}
Event: 3567.579 GC heap before
{Heap before GC invocations=49 (full 5):
 PSYoungGen      total 389632K, used 315121K [0x00000000e0000000, 0x00000000ff580000, 0x0000000100000000)
  eden space 267776K, 100% used [0x00000000e0000000,0x00000000f0580000,0x00000000f0580000)
  from space 121856K, 38% used [0x00000000f0580000,0x00000000f33bc4a0,0x00000000f7c80000)
  to   space 116736K, 0% used [0x00000000f8380000,0x00000000f8380000,0x00000000ff580000)
 ParOldGen       total 513536K, used 341914K [0x00000000a0000000, 0x00000000bf580000, 0x00000000e0000000)
  object space 513536K, 66% used [0x00000000a0000000,0x00000000b4de6910,0x00000000bf580000)
 Metaspace       used 137777K, capacity 144290K, committed 144600K, reserved 1175552K
  class space    used 16875K, capacity 18121K, committed 18176K, reserved 1048576K
Event: 3567.648 GC heap after
Heap after GC invocations=49 (full 5):
 PSYoungGen      total 391168K, used 87289K [0x00000000e0000000, 0x0000000100000000, 0x0000000100000000)
  eden space 274432K, 0% used [0x00000000e0000000,0x00000000e0000000,0x00000000f0c00000)
  from space 116736K, 74% used [0x00000000f8380000,0x00000000fd8be728,0x00000000ff580000)
  to   space 122368K, 0% used [0x00000000f0c00000,0x00000000f0c00000,0x00000000f8380000)
 ParOldGen       total 513536K, used 370488K [0x00000000a0000000, 0x00000000bf580000, 0x00000000e0000000)
  object space 513536K, 72% used [0x00000000a0000000,0x00000000b69ce050,0x00000000bf580000)
 Metaspace       used 137777K, capacity 144290K, committed 144600K, reserved 1175552K
  class space    used 16875K, capacity 18121K, committed 18176K, reserved 1048576K
}
Event: 5561.704 GC heap before
{Heap before GC invocations=50 (full 5):
 PSYoungGen      total 391168K, used 361721K [0x00000000e0000000, 0x0000000100000000, 0x0000000100000000)
  eden space 274432K, 100% used [0x00000000e0000000,0x00000000f0c00000,0x00000000f0c00000)
  from space 116736K, 74% used [0x00000000f8380000,0x00000000fd8be728,0x00000000ff580000)
  to   space 122368K, 0% used [0x00000000f0c00000,0x00000000f0c00000,0x00000000f8380000)
 ParOldGen       total 513536K, used 370488K [0x00000000a0000000, 0x00000000bf580000, 0x00000000e0000000)
  object space 513536K, 72% used [0x00000000a0000000,0x00000000b69ce050,0x00000000bf580000)
 Metaspace       used 139981K, capacity 146726K, committed 146904K, reserved 1177600K
  class space    used 17109K, capacity 18381K, committed 18432K, reserved 1048576K
Event: 5561.726 GC heap after
Heap after GC invocations=50 (full 5):
 PSYoungGen      total 396800K, used 41122K [0x00000000e0000000, 0x00000000fff80000, 0x0000000100000000)
  eden space 274432K, 0% used [0x00000000e0000000,0x00000000e0000000,0x00000000f0c00000)
  from space 122368K, 33% used [0x00000000f0c00000,0x00000000f3428bb8,0x00000000f8380000)
  to   space 119296K, 0% used [0x00000000f8b00000,0x00000000f8b00000,0x00000000fff80000)
 ParOldGen       total 513536K, used 375671K [0x00000000a0000000, 0x00000000bf580000, 0x00000000e0000000)
  object space 513536K, 73% used [0x00000000a0000000,0x00000000b6eddee0,0x00000000bf580000)
 Metaspace       used 139981K, capacity 146726K, committed 146904K, reserved 1177600K
  class space    used 17109K, capacity 18381K, committed 18432K, reserved 1048576K
}
Event: 5562.508 GC heap before
{Heap before GC invocations=51 (full 5):
 PSYoungGen      total 396800K, used 315554K [0x00000000e0000000, 0x00000000fff80000, 0x0000000100000000)
  eden space 274432K, 100% used [0x00000000e0000000,0x00000000f0c00000,0x00000000f0c00000)
  from space 122368K, 33% used [0x00000000f0c00000,0x00000000f3428bb8,0x00000000f8380000)
  to   space 119296K, 0% used [0x00000000f8b00000,0x00000000f8b00000,0x00000000fff80000)
 ParOldGen       total 513536K, used 375671K [0x00000000a0000000, 0x00000000bf580000, 0x00000000e0000000)
  object space 513536K, 73% used [0x00000000a0000000,0x00000000b6eddee0,0x00000000bf580000)
 Metaspace       used 141647K, capacity 148406K, committed 148568K, reserved 1179648K
  class space    used 17208K, capacity 18487K, committed 18560K, reserved 1048576K

